<?xml version="1.0" encoding="UTF-8"?>
<testsuite name="com.neo.web.HelloControlerTests" time="0.796" tests="2" errors="0" skipped="0" failures="1">
  <properties>
[...]
</properties>
  <testcase name="testHello" classname="com.neo.web.HelloControlerTests" time="0.726">
    <failure message="Response content&#10;Expected: &quot;Hello World&quot;&#10;     but: was &quot;hello world&quot;" type="java.lang.AssertionError">java.lang.AssertionError: Response content
Expected: "Hello World"
     but: was "hello world"
	at org.hamcrest.MatcherAssert.assertThat(MatcherAssert.java:20)
	at org.springframework.test.web.servlet.result.ContentResultMatchers$4.match(ContentResultMatchers.java:137)
	at org.springframework.test.web.servlet.MockMvc$1.andExpect(MockMvc.java:171)
	at com.neo.web.HelloControlerTests.testHello(HelloControlerTests.java:53)
</failure>
    <system-out><![CDATA[2017-09-03 18:56:00.465  INFO 7912 --- [           main] o.s.t.c.support.AbstractContextLoader    : Could not detect default resource locations for test class [com.neo.web.HelloControlerTests]: no resource found for suffixes {-context.xml, Context.groovy}.
2017-09-03 18:56:00.467  INFO 7912 --- [           main] o.s.t.c.web.WebTestContextBootstrapper   : Loaded default TestExecutionListener class names from location [META-INF/spring.factories]: [org.springframework.test.context.web.ServletTestExecutionListener, org.springframework.test.context.support.DirtiesContextBeforeModesTestExecutionListener, org.springframework.test.context.support.DependencyInjectionTestExecutionListener, org.springframework.test.context.support.DirtiesContextTestExecutionListener, org.springframework.test.context.transaction.TransactionalTestExecutionListener, org.springframework.test.context.jdbc.SqlScriptsTestExecutionListener]
2017-09-03 18:56:00.468  INFO 7912 --- [           main] o.s.t.c.web.WebTestContextBootstrapper   : Using TestExecutionListeners: [org.springframework.test.context.web.ServletTestExecutionListener@53dd42d6, org.springframework.test.context.support.DirtiesContextBeforeModesTestExecutionListener@1e76afeb, org.springframework.test.context.support.DependencyInjectionTestExecutionListener@447fa959, org.springframework.test.context.support.DirtiesContextTestExecutionListener@3e4d40ea, org.springframework.test.context.transaction.TransactionalTestExecutionListener@73f6e07, org.springframework.test.context.jdbc.SqlScriptsTestExecutionListener@2c9d90fc]

  .   ____          _            __ _ _
 /\\ / ___'_ __ _ _(_)_ __  __ _ \ \ \ \
( ( )\___ | '_ | '_| | '_ \/ _` | \ \ \ \
 \\/  ___)| |_)| | | | | || (_| |  ) ) ) )
  '  |____| .__|_| |_|_| |_\__, | / / / /
 =========|_|==============|___/=/_/_/_/
 :: Spring Boot ::        (v1.3.6.RELEASE)

2017-09-03 18:56:00.522  INFO 7912 --- [           main] com.neo.web.HelloControlerTests          : Starting HelloControlerTests on USER-20160915JS with PID 7912 (G:\demo\spring-boot-examples-master\spring-boot-web\target\test-classes started by Administrator in G:\demo\spring-boot-examples-master\spring-boot-web)
2017-09-03 18:56:00.522  INFO 7912 --- [           main] com.neo.web.HelloControlerTests          : No active profile set, falling back to default profiles: default
2017-09-03 18:56:00.524  INFO 7912 --- [           main] o.s.w.c.s.GenericWebApplicationContext   : Refreshing org.springframework.web.context.support.GenericWebApplicationContext@7e61e25c: startup date [Sun Sep 03 18:56:00 CST 2017]; root of context hierarchy
2017-09-03 18:56:01.225  INFO 7912 --- [           main] com.neo.web.HelloControlerTests          : Started HelloControlerTests in 0.748 seconds (JVM running for 24.802)
2017-09-03 18:56:01.465  INFO 7912 --- [           main] ilder$StaticRequestMappingHandlerMapping : Mapped "{[/hello]}" onto public java.lang.String com.neo.web.HelloController.hello(java.util.Locale,org.springframework.ui.Model)
2017-09-03 18:56:01.466  INFO 7912 --- [           main] ilder$StaticRequestMappingHandlerMapping : Mapped "{[/uid]}" onto java.lang.String com.neo.web.HelloController.uid(javax.servlet.http.HttpSession)
2017-09-03 18:56:01.875  INFO 7912 --- [           main] s.w.s.m.m.a.RequestMappingHandlerAdapter : Looking for @ControllerAdvice: org.springframework.test.web.servlet.setup.StubWebApplicationContext@2407a36c
2017-09-03 18:56:01.962  INFO 7912 --- [           main] o.s.mock.web.MockServletContext          : Initializing Spring FrameworkServlet ''
2017-09-03 18:56:01.962  INFO 7912 --- [           main] o.s.t.web.servlet.TestDispatcherServlet  : FrameworkServlet '': initialization started
2017-09-03 18:56:01.963  INFO 7912 --- [           main] o.s.t.web.servlet.TestDispatcherServlet  : FrameworkServlet '': initialization completed in 1 ms
]]></system-out>
  </testcase>
  <testcase name="getHello" classname="com.neo.web.HelloControlerTests" time="0.07"/>
</testsuite>